<?xml version="1.0" encoding="UTF-8"?>
<testng-results ignored="0" total="1" passed="1" failed="0" skipped="0">
  <reporter-output>
  </reporter-output>
  <suite started-at="2021-12-07T13:08:41 IST" name="Default suite" finished-at="2021-12-07T13:08:46 IST" duration-ms="5023">
    <groups>
    </groups>
    <test started-at="2021-12-07T13:08:41 IST" name="Default test" finished-at="2021-12-07T13:08:46 IST" duration-ms="5023">
      <class name="pojoMaps.PlaceAddToSite">
        <test-method signature="ADDPLACE()[pri:0, instance:pojoMaps.PlaceAddToSite@1613674b]" started-at="2021-12-07T13:08:41 IST" name="ADDPLACE" finished-at="2021-12-07T13:08:46 IST" duration-ms="4943" status="PASS">
          <reporter-output>
          </reporter-output>
        </test-method> <!-- ADDPLACE -->
      </class> <!-- pojoMaps.PlaceAddToSite -->
    </test> <!-- Default test -->
  </suite> <!-- Default suite -->
</testng-results>
